This is pdfTeX, Version 3.14159265-2.6-1.40.16 (TeX Live 2015) (preloaded format=pdflatex 2015.5.24)  25 OCT 2017 21:24
entering extended mode
 restricted \write18 enabled.
 %&-line parsing enabled.
**Portada.tex
(./Portada.tex
LaTeX2e <2015/01/01>
Babel <3.9l> and hyphenation patterns for 79 languages loaded.

! LaTeX Error: Environment titlepage undefined.

See the LaTeX manual or LaTeX Companion for explanation.
Type  H <return>  for immediate help.
 ...                                              
                                                  
l.1 \begin{titlepage}
                     
Your command was ignored.
Type  I <command> <return>  to replace it with another command,
or  <return>  to continue without it.

! Undefined control sequence.
l.2   \includegraphics
                      [width=3cm]{logo.png}
The control sequence at the end of the top line
of your error message was never \def'ed. If you have
misspelled it (e.g., `\hobx'), type `I' and the correct
spelling (e.g., `I\hbox'). Otherwise just continue,
and I'll forget about whatever was undefined.


! LaTeX Error: Missing \begin{document}.

See the LaTeX manual or LaTeX Companion for explanation.
Type  H <return>  for immediate help.
 ...                                              
                                                  
l.2   \includegraphics[
                       width=3cm]{logo.png}
You're in trouble here.  Try typing  <return>  to proceed.
If that doesn't work, type  X <return>  to quit.

Missing character: There is no [ in font nullfont!
Missing character: There is no w in font nullfont!
Missing character: There is no i in font nullfont!
Missing character: There is no d in font nullfont!
Missing character: There is no t in font nullfont!
Missing character: There is no h in font nullfont!
Missing character: There is no = in font nullfont!
Missing character: There is no 3 in font nullfont!
Missing character: There is no c in font nullfont!
Missing character: There is no m in font nullfont!
Missing character: There is no ] in font nullfont!
Missing character: There is no l in font nullfont!
Missing character: There is no o in font nullfont!
Missing character: There is no g in font nullfont!
Missing character: There is no o in font nullfont!
Missing character: There is no . in font nullfont!
Missing character: There is no p in font nullfont!
Missing character: There is no n in font nullfont!
Missing character: There is no g in font nullfont!
LaTeX Font Info:    External font `cmex10' loaded for size
(Font)              <7> on input line 4.
LaTeX Font Info:    External font `cmex10' loaded for size
(Font)              <5> on input line 4.
! Undefined control sequence.
l.5    \small
              \scshape{UNIVERSIDAD DE CHILE} \\
The control sequence at the end of the top line
of your error message was never \def'ed. If you have
misspelled it (e.g., `\hobx'), type `I' and the correct
spelling (e.g., `I\hbox'). Otherwise just continue,
and I'll forget about whatever was undefined.

! Undefined control sequence.
<recently read> \small 
                       
l.6  	\small
             \scshape{FACULTAD DE CIENCIAS F√çSICAS Y MATEM√ÅTICAS} \\
The control sequence at the end of the top line
of your error message was never \def'ed. If you have
misspelled it (e.g., `\hobx'), type `I' and the correct
spelling (e.g., `I\hbox'). Otherwise just continue,
and I'll forget about whatever was undefined.

Missing character: There is no √ in font cmcsc10!
Missing character: There is no ç in font cmcsc10!
Missing character: There is no √ in font cmcsc10!
Missing character: There is no Å in font cmcsc10!
! Undefined control sequence.
<recently read> \small 
                       
l.7  	\small
             \scshape {ESCUELA DE INGENIER√çA Y CIENCIAS} \\
The control sequence at the end of the top line
of your error message was never \def'ed. If you have
misspelled it (e.g., `\hobx'), type `I' and the correct
spelling (e.g., `I\hbox'). Otherwise just continue,
and I'll forget about whatever was undefined.

Missing character: There is no √ in font cmcsc10!
Missing character: There is no ç in font cmcsc10!
! Undefined control sequence.
<recently read> \small 
                       
l.8  	\small
             \scshape{CC3002 - 1 Metodolog√≠as de Dise√±o y Programaci√≥n} \\
The control sequence at the end of the top line
of your error message was never \def'ed. If you have
misspelled it (e.g., `\hobx'), type `I' and the correct
spelling (e.g., `I\hbox'). Otherwise just continue,
and I'll forget about whatever was undefined.

Missing character: There is no √ in font cmcsc10!
Missing character: There is no ≠ in font cmcsc10!
Missing character: There is no √ in font cmcsc10!
Missing character: There is no ± in font cmcsc10!
Missing character: There is no √ in font cmcsc10!
Missing character: There is no ≥ in font cmcsc10!

Overfull \hbox (20.0pt too wide) in paragraph at lines 2--11
[]
 []


Overfull \hbox (271.30273pt too wide) in paragraph at lines 2--11
[] 
 []


! LaTeX Error: Missing \begin{document}.

See the LaTeX manual or LaTeX Companion for explanation.
Type  H <return>  for immediate help.
 ...                                              
                                                  
l.14 \begin{center}
                   
You're in trouble here.  Try typing  <return>  to proceed.
If that doesn't work, type  X <return>  to quit.


Overfull \hbox (20.0pt too wide) in paragraph at lines 14--14
[] 
 []


LaTeX Font Warning: Font shape `OT1/cmr/m/n' in size <22.76219> not available
(Font)              size <20.74> substituted on input line 15.


Overfull \hbox (68.1209pt too wide) in paragraph at lines 16--17
 \OT1/cmr/m/n/20.74 TAREA 
 []


Overfull \hbox (9.51173pt too wide) in paragraph at lines 16--17
 \OT1/cmr/m/n/20.74 2 
 []


Overfull \hbox (75.62553pt too wide) in paragraph at lines 18--19
 []\OT1/cmr/m/n/20.74 Resumen 
 []


! LaTeX Error: The font size command \normalsize is not defined:
               there is probably something wrong with the class file.

See the LaTeX manual or LaTeX Companion for explanation.
Type  H <return>  for immediate help.
 ...                                              
                                                  
l.26 	\normalsize
                 {Daniela Campos} \\
Your command was ignored.
Type  I <command> <return>  to replace it with another command,
or  <return>  to continue without it.


Overfull \hbox (63.05652pt too wide) in paragraph at lines 26--26
 []\OT1/cmr/m/n/20.74 Daniela 
 []


Overfull \hbox (45.63168pt too wide) in paragraph at lines 26--26
 \OT1/cmr/m/n/20.74 Cam- 
 []


Overfull \hbox (28.1018pt too wide) in paragraph at lines 26--26
 \OT1/cmr/m/n/20.74 pos 
 []


! LaTeX Error: The font size command \normalsize is not defined:
               there is probably something wrong with the class file.

See the LaTeX manual or LaTeX Companion for explanation.
Type  H <return>  for immediate help.
 ...                                              
                                                  
l.27 	\normalsize
                 {danielacamposfischer@gmail.com}\\
Your command was ignored.
Type  I <command> <return>  to replace it with another command,
or  <return>  to continue without it.


Overfull \hbox (272.56644pt too wide) in paragraph at lines 27--27
 []\OT1/cmr/m/n/20.74 danielacamposfischer@gmail.com 
 []


! LaTeX Error: The font size command \normalsize is not defined:
               there is probably something wrong with the class file.

See the LaTeX manual or LaTeX Companion for explanation.
Type  H <return>  for immediate help.
 ...                                              
                                                  
l.28 	\normalsize
                 {https://github.com/DaniCampos/cc3002-tarea2}
Your command was ignored.
Type  I <command> <return>  to replace it with another command,
or  <return>  to continue without it.


Overfull \hbox (347.00002pt too wide) in paragraph at lines 28--29
 []\OT1/cmr/m/n/20.74 https://github.com/DaniCampos/cc3002- 
 []


Overfull \hbox (51.65274pt too wide) in paragraph at lines 28--29
 \OT1/cmr/m/n/20.74 tarea2 
 []

! Undefined control sequence.
l.37 	\footnotesize
                   {Profesor:} \\
The control sequence at the end of the top line
of your error message was never \def'ed. If you have
misspelled it (e.g., `\hobx'), type `I' and the correct
spelling (e.g., `I\hbox'). Otherwise just continue,
and I'll forget about whatever was undefined.


Overfull \hbox (73.52008pt too wide) in paragraph at lines 37--37
 []\OT1/cmr/m/n/20.74 Profesor: 
 []


! LaTeX Error: The font size command \normalsize is not defined:
               there is probably something wrong with the class file.

See the LaTeX manual or LaTeX Companion for explanation.
Type  H <return>  for immediate help.
 ...                                              
                                                  
l.39 	\normalsize
                 {Alexandre Bergel} \\
Your command was ignored.
Type  I <command> <return>  to replace it with another command,
or  <return>  to continue without it.


Overfull \hbox (84.51381pt too wide) in paragraph at lines 39--39
 []\OT1/cmr/m/n/20.74 Alexandre 
 []


Overfull \hbox (52.46126pt too wide) in paragraph at lines 39--39
 \OT1/cmr/m/n/20.74 Bergel 
 []

! Undefined control sequence.
l.46 	\footnotesize
                   {Fecha:} \\
The control sequence at the end of the top line
of your error message was never \def'ed. If you have
misspelled it (e.g., `\hobx'), type `I' and the correct
spelling (e.g., `I\hbox'). Otherwise just continue,
and I'll forget about whatever was undefined.


Overfull \hbox (52.46124pt too wide) in paragraph at lines 46--46
 []\OT1/cmr/m/n/20.74 Fecha: 
 []


! LaTeX Error: The font size command \normalsize is not defined:
               there is probably something wrong with the class file.

See the LaTeX manual or LaTeX Companion for explanation.
Type  H <return>  for immediate help.
 ...                                              
                                                  
l.48 	\normalsize
                 {25 de Octubre del 2017} \\
Your command was ignored.
Type  I <command> <return>  to replace it with another command,
or  <return>  to continue without it.


Overfull \hbox (19.02347pt too wide) in paragraph at lines 48--48
 []\OT1/cmr/m/n/20.74 25 
 []


Overfull \hbox (19.02348pt too wide) in paragraph at lines 48--48
 \OT1/cmr/m/n/20.74 de 
 []


Overfull \hbox (29.61876pt too wide) in paragraph at lines 48--48
 \OT1/cmr/m/n/20.74 Oc- 
 []


Overfull \hbox (44.30809pt too wide) in paragraph at lines 48--48
 \OT1/cmr/m/n/20.74 tubre 
 []


Overfull \hbox (24.20108pt too wide) in paragraph at lines 48--48
 \OT1/cmr/m/n/20.74 del 
 []


Overfull \hbox (38.04694pt too wide) in paragraph at lines 48--48
 \OT1/cmr/m/n/20.74 2017 
 []


! LaTeX Error: \begin{document} ended by \end{titlepage}.

See the LaTeX manual or LaTeX Companion for explanation.
Type  H <return>  for immediate help.
 ...                                              
                                                  
l.53 \end{titlepage}
                    
Your command was ignored.
Type  I <command> <return>  to replace it with another command,
or  <return>  to continue without it.

)
! Emergency stop.
<*> Portada.tex
               
*** (job aborted, no legal \end found)

 
Here is how much of TeX's memory you used:
 16 strings out of 493089
 249 string characters out of 6134842
 54199 words of memory out of 5000000
 3599 multiletter control sequences out of 15000+600000
 4240 words of font info for 16 fonts, out of 8000000 for 9000
 1141 hyphenation exceptions out of 8191
 19i,7n,12p,103b,138s stack positions out of 5000i,500n,10000p,200000b,80000s
!  ==> Fatal error occurred, no output PDF file produced!
